2019-11-04 22:53:46.298  INFO 10244 --- [restartedMain] com.qiuhua.kkk.KkkApplication            : Starting KkkApplication on DESKTOP-U406082 with PID 10244 (D:\JAVA\Ideaprojects\kkk\target\classes started by ME in D:\JAVA\Ideaprojects\kkk)
2019-11-04 22:53:46.298  INFO 10244 --- [restartedMain] com.qiuhua.kkk.KkkApplication            : No active profile set, falling back to default profiles: default
2019-11-04 22:53:46.817  INFO 10244 --- [restartedMain] o.s.b.w.embedded.tomcat.TomcatWebServer  : Tomcat initialized with port(s): 8080 (http)
2019-11-04 22:53:46.819  INFO 10244 --- [restartedMain] o.apache.catalina.core.StandardService   : Starting service [Tomcat]
2019-11-04 22:53:46.823  INFO 10244 --- [restartedMain] org.apache.catalina.core.StandardEngine  : Starting Servlet engine: [Apache Tomcat/9.0.24]
2019-11-04 22:53:46.827  INFO 10244 --- [restartedMain] o.a.catalina.core.AprLifecycleListener   : Loaded APR based Apache Tomcat Native library [1.2.23] using APR version [1.7.0].
2019-11-04 22:53:46.828  INFO 10244 --- [restartedMain] o.a.catalina.core.AprLifecycleListener   : APR capabilities: IPv6 [true], sendfile [true], accept filters [false], random [true].
2019-11-04 22:53:46.828  INFO 10244 --- [restartedMain] o.a.catalina.core.AprLifecycleListener   : APR/OpenSSL configuration: useAprConnector [false], useOpenSSL [true]
2019-11-04 22:53:46.828  INFO 10244 --- [restartedMain] o.a.catalina.core.AprLifecycleListener   : OpenSSL successfully initialized [OpenSSL 1.1.1c  28 May 2019]
2019-11-04 22:53:46.854  INFO 10244 --- [restartedMain] o.a.c.c.C.[Tomcat].[localhost].[/]       : Initializing Spring embedded WebApplicationContext
2019-11-04 22:53:46.854  INFO 10244 --- [restartedMain] o.s.web.context.ContextLoader            : Root WebApplicationContext: initialization completed in 552 ms
2019-11-04 22:53:47.117  INFO 10244 --- [restartedMain] o.s.s.concurrent.ThreadPoolTaskExecutor  : Initializing ExecutorService 'applicationTaskExecutor'
2019-11-04 22:53:47.144  INFO 10244 --- [restartedMain] o.s.b.a.w.s.WelcomePageHandlerMapping    : Adding welcome page template: index
2019-11-04 22:53:47.316  INFO 10244 --- [restartedMain] o.s.b.d.a.OptionalLiveReloadServer       : LiveReload server is running on port 35729
2019-11-04 22:53:47.342  INFO 10244 --- [restartedMain] o.s.b.w.embedded.tomcat.TomcatWebServer  : Tomcat started on port(s): 8080 (http) with context path ''
2019-11-04 22:53:47.343  INFO 10244 --- [restartedMain] com.qiuhua.kkk.KkkApplication            : Started KkkApplication in 1.075 seconds (JVM running for 996.25)
2019-11-04 22:53:47.345  INFO 10244 --- [restartedMain] .ConditionEvaluationDeltaLoggingListener : Condition evaluation unchanged
2019-11-04 22:55:38.235  INFO 9064 --- [restartedMain] com.qiuhua.kkk.KkkApplication            : Starting KkkApplication on DESKTOP-U406082 with PID 9064 (D:\JAVA\Ideaprojects\kkk\target\classes started by ME in D:\JAVA\Ideaprojects\kkk)
2019-11-04 22:55:38.239  INFO 9064 --- [restartedMain] com.qiuhua.kkk.KkkApplication            : No active profile set, falling back to default profiles: default
2019-11-04 22:55:38.305  INFO 9064 --- [restartedMain] .e.DevToolsPropertyDefaultsPostProcessor : Devtools property defaults active! Set 'spring.devtools.add-properties' to 'false' to disable
2019-11-04 22:55:38.306  INFO 9064 --- [restartedMain] .e.DevToolsPropertyDefaultsPostProcessor : For additional web related logging consider setting the 'logging.level.web' property to 'DEBUG'
2019-11-04 22:55:39.464  INFO 9064 --- [restartedMain] o.s.b.w.embedded.tomcat.TomcatWebServer  : Tomcat initialized with port(s): 8080 (http)
2019-11-04 22:55:39.485  INFO 9064 --- [restartedMain] o.apache.catalina.core.StandardService   : Starting service [Tomcat]
2019-11-04 22:55:39.485  INFO 9064 --- [restartedMain] org.apache.catalina.core.StandardEngine  : Starting Servlet engine: [Apache Tomcat/9.0.24]
2019-11-04 22:55:39.494  INFO 9064 --- [restartedMain] o.a.catalina.core.AprLifecycleListener   : Loaded APR based Apache Tomcat Native library [1.2.23] using APR version [1.7.0].
2019-11-04 22:55:39.495  INFO 9064 --- [restartedMain] o.a.catalina.core.AprLifecycleListener   : APR capabilities: IPv6 [true], sendfile [true], accept filters [false], random [true].
2019-11-04 22:55:39.495  INFO 9064 --- [restartedMain] o.a.catalina.core.AprLifecycleListener   : APR/OpenSSL configuration: useAprConnector [false], useOpenSSL [true]
2019-11-04 22:55:39.500  INFO 9064 --- [restartedMain] o.a.catalina.core.AprLifecycleListener   : OpenSSL successfully initialized [OpenSSL 1.1.1c  28 May 2019]
2019-11-04 22:55:39.601  INFO 9064 --- [restartedMain] o.a.c.c.C.[Tomcat].[localhost].[/]       : Initializing Spring embedded WebApplicationContext
2019-11-04 22:55:39.601  INFO 9064 --- [restartedMain] o.s.web.context.ContextLoader            : Root WebApplicationContext: initialization completed in 1295 ms
2019-11-04 22:55:40.139  INFO 9064 --- [restartedMain] o.s.s.concurrent.ThreadPoolTaskExecutor  : Initializing ExecutorService 'applicationTaskExecutor'
2019-11-04 22:55:40.193  INFO 9064 --- [restartedMain] o.s.b.a.w.s.WelcomePageHandlerMapping    : Adding welcome page template: index
2019-11-04 22:55:40.409  INFO 9064 --- [restartedMain] o.s.b.d.a.OptionalLiveReloadServer       : LiveReload server is running on port 35729
2019-11-04 22:55:40.463  INFO 9064 --- [restartedMain] o.s.b.w.embedded.tomcat.TomcatWebServer  : Tomcat started on port(s): 8080 (http) with context path ''
2019-11-04 22:55:40.467  INFO 9064 --- [restartedMain] com.qiuhua.kkk.KkkApplication            : Started KkkApplication in 2.759 seconds (JVM running for 3.961)
